<?xml version="1.0" encoding="UTF-8"?>
<!-- Generated by org.testng.reporters.JUnitXMLReporter -->
<testsuite ignored="0" hostname="Pravash" failures="0" tests="4" name="Default test" time="71.549" errors="0" timestamp="20 May 2021 06:38:36 GMT">
  <testcase classname="testscenario.AmazonPagesTest" name="verifyHomePageLanding" time="0.757"/>
  <testcase classname="testscenario.AmazonPagesTest" name="verifyAddToCartFunctionality" time="29.623"/>
  <testcase classname="testscenario.AmazonPagesTest" name="verifyLanguageSelectionForShoping" time="13.444"/>
  <testcase classname="testscenario.AmazonPagesTest" name="verifyProductSearch" time="12.124"/>
</testsuite> <!-- Default test -->
