<?xml version="1.0" encoding="UTF-8"?>
<!-- Generated by org.testng.reporters.JUnitXMLReporter -->
<testsuite ignored="0" hostname="Pravash" failures="0" tests="4" name="Test" time="65.379" errors="0" timestamp="20 May 2021 07:32:32 GMT">
  <testcase classname="testscenario.AmazonPagesTest" name="verifyHomePageLanding" time="0.271"/>
  <testcase classname="testscenario.AmazonPagesTest" name="verifyAddToCartFunctionality" time="33.166"/>
  <testcase classname="testscenario.AmazonPagesTest" name="verifyLanguageSelectionForShoping" time="12.316"/>
  <testcase classname="testscenario.AmazonPagesTest" name="verifyProductSearch" time="10.111"/>
</testsuite> <!-- Test -->
